<?xml version="1.0" encoding="UTF-8"?>
<testng-results ignored="0" total="6" passed="6" failed="0" skipped="0">
  <reporter-output>
  </reporter-output>
  <suite started-at="2022-06-22T03:17:05 EDT" name="sauce demo test" finished-at="2022-06-22T03:18:48 EDT" duration-ms="103038">
    <groups>
    </groups>
    <test started-at="2022-06-22T03:17:05 EDT" name="basic component" finished-at="2022-06-22T03:17:17 EDT" duration-ms="12184">
      <class name="com.saucedemo.basicComponentTest">
        <test-method is-config="true" signature="setUp(boolean,java.lang.String,java.lang.String,java.lang.String,java.lang.String,java.lang.String,java.lang.String)[pri:0, instance:com.saucedemo.basicComponentTest@574b560f]" started-at="2022-06-22T03:17:05 EDT" name="setUp" finished-at="2022-06-22T03:17:11 EDT" duration-ms="6269" status="PASS">
          <params>
            <param index="0">
              <value>
                <![CDATA[true]]>
              </value>
            </param>
            <param index="1">
              <value>
                <![CDATA[osx]]>
              </value>
            </param>
            <param index="2">
              <value>
                <![CDATA[chrome]]>
              </value>
            </param>
            <param index="3">
              <value>
                <![CDATA[https://www.saucedemo.com/]]>
              </value>
            </param>
            <param index="4">
              <value>
                <![CDATA[browserstack]]>
              </value>
            </param>
            <param index="5">
              <value>
                <![CDATA[Sierra]]>
              </value>
            </param>
            <param index="6">
              <value>
                <![CDATA[102]]>
              </value>
            </param>
          </params>
          <reporter-output>
          </reporter-output>
        </test-method> <!-- setUp -->
        <test-method signature="test1()[pri:0, instance:com.saucedemo.basicComponentTest@574b560f]" started-at="2022-06-22T03:17:11 EDT" name="test1" finished-at="2022-06-22T03:17:11 EDT" duration-ms="163" status="PASS">
          <reporter-output>
          </reporter-output>
        </test-method> <!-- test1 -->
        <test-method is-config="true" signature="tearDown()[pri:0, instance:com.saucedemo.basicComponentTest@574b560f]" started-at="2022-06-22T03:17:11 EDT" name="tearDown" finished-at="2022-06-22T03:17:12 EDT" duration-ms="238" status="PASS">
          <reporter-output>
          </reporter-output>
        </test-method> <!-- tearDown -->
        <test-method is-config="true" signature="setUp(boolean,java.lang.String,java.lang.String,java.lang.String,java.lang.String,java.lang.String,java.lang.String)[pri:0, instance:com.saucedemo.basicComponentTest@574b560f]" started-at="2022-06-22T03:17:12 EDT" name="setUp" finished-at="2022-06-22T03:17:16 EDT" duration-ms="4206" status="PASS">
          <params>
            <param index="0">
              <value>
                <![CDATA[true]]>
              </value>
            </param>
            <param index="1">
              <value>
                <![CDATA[osx]]>
              </value>
            </param>
            <param index="2">
              <value>
                <![CDATA[chrome]]>
              </value>
            </param>
            <param index="3">
              <value>
                <![CDATA[https://www.saucedemo.com/]]>
              </value>
            </param>
            <param index="4">
              <value>
                <![CDATA[browserstack]]>
              </value>
            </param>
            <param index="5">
              <value>
                <![CDATA[Sierra]]>
              </value>
            </param>
            <param index="6">
              <value>
                <![CDATA[102]]>
              </value>
            </param>
          </params>
          <reporter-output>
          </reporter-output>
        </test-method> <!-- setUp -->
        <test-method signature="test2()[pri:0, instance:com.saucedemo.basicComponentTest@574b560f]" started-at="2022-06-22T03:17:16 EDT" name="test2" finished-at="2022-06-22T03:17:17 EDT" duration-ms="944" status="PASS">
          <reporter-output>
          </reporter-output>
        </test-method> <!-- test2 -->
        <test-method is-config="true" signature="tearDown()[pri:0, instance:com.saucedemo.basicComponentTest@574b560f]" started-at="2022-06-22T03:17:17 EDT" name="tearDown" finished-at="2022-06-22T03:17:17 EDT" duration-ms="261" status="PASS">
          <reporter-output>
          </reporter-output>
        </test-method> <!-- tearDown -->
      </class> <!-- com.saucedemo.basicComponentTest -->
    </test> <!-- basic component -->
    <test started-at="2022-06-22T03:17:17 EDT" name="login" finished-at="2022-06-22T03:18:48 EDT" duration-ms="90792">
      <class name="com.saucedemo.loginTest">
        <test-method is-config="true" signature="setUp(boolean,java.lang.String,java.lang.String,java.lang.String,java.lang.String,java.lang.String,java.lang.String)[pri:0, instance:com.saucedemo.loginTest@49912c99]" started-at="2022-06-22T03:17:17 EDT" name="setUp" finished-at="2022-06-22T03:17:21 EDT" duration-ms="3834" status="PASS">
          <params>
            <param index="0">
              <value>
                <![CDATA[true]]>
              </value>
            </param>
            <param index="1">
              <value>
                <![CDATA[osx]]>
              </value>
            </param>
            <param index="2">
              <value>
                <![CDATA[chrome]]>
              </value>
            </param>
            <param index="3">
              <value>
                <![CDATA[https://www.saucedemo.com/]]>
              </value>
            </param>
            <param index="4">
              <value>
                <![CDATA[browserstack]]>
              </value>
            </param>
            <param index="5">
              <value>
                <![CDATA[Sierra]]>
              </value>
            </param>
            <param index="6">
              <value>
                <![CDATA[102]]>
              </value>
            </param>
          </params>
          <reporter-output>
          </reporter-output>
        </test-method> <!-- setUp -->
        <test-method signature="addItems()[pri:0, instance:com.saucedemo.loginTest@49912c99]" started-at="2022-06-22T03:17:21 EDT" name="addItems" finished-at="2022-06-22T03:17:23 EDT" duration-ms="1911" status="PASS">
          <reporter-output>
          </reporter-output>
        </test-method> <!-- addItems -->
        <test-method is-config="true" signature="tearDown()[pri:0, instance:com.saucedemo.loginTest@49912c99]" started-at="2022-06-22T03:17:23 EDT" name="tearDown" finished-at="2022-06-22T03:17:23 EDT" duration-ms="232" status="PASS">
          <reporter-output>
          </reporter-output>
        </test-method> <!-- tearDown -->
        <test-method is-config="true" signature="setUp(boolean,java.lang.String,java.lang.String,java.lang.String,java.lang.String,java.lang.String,java.lang.String)[pri:0, instance:com.saucedemo.loginTest@49912c99]" started-at="2022-06-22T03:17:23 EDT" name="setUp" finished-at="2022-06-22T03:17:27 EDT" duration-ms="4142" status="PASS">
          <params>
            <param index="0">
              <value>
                <![CDATA[true]]>
              </value>
            </param>
            <param index="1">
              <value>
                <![CDATA[osx]]>
              </value>
            </param>
            <param index="2">
              <value>
                <![CDATA[chrome]]>
              </value>
            </param>
            <param index="3">
              <value>
                <![CDATA[https://www.saucedemo.com/]]>
              </value>
            </param>
            <param index="4">
              <value>
                <![CDATA[browserstack]]>
              </value>
            </param>
            <param index="5">
              <value>
                <![CDATA[Sierra]]>
              </value>
            </param>
            <param index="6">
              <value>
                <![CDATA[102]]>
              </value>
            </param>
          </params>
          <reporter-output>
          </reporter-output>
        </test-method> <!-- setUp -->
        <test-method signature="test1()[pri:0, instance:com.saucedemo.loginTest@49912c99]" started-at="2022-06-22T03:17:27 EDT" name="test1" finished-at="2022-06-22T03:17:29 EDT" duration-ms="1291" status="PASS">
          <reporter-output>
          </reporter-output>
        </test-method> <!-- test1 -->
        <test-method is-config="true" signature="tearDown()[pri:0, instance:com.saucedemo.loginTest@49912c99]" started-at="2022-06-22T03:17:29 EDT" name="tearDown" finished-at="2022-06-22T03:17:29 EDT" duration-ms="233" status="PASS">
          <reporter-output>
          </reporter-output>
        </test-method> <!-- tearDown -->
        <test-method is-config="true" signature="setUp(boolean,java.lang.String,java.lang.String,java.lang.String,java.lang.String,java.lang.String,java.lang.String)[pri:0, instance:com.saucedemo.loginTest@49912c99]" started-at="2022-06-22T03:17:29 EDT" name="setUp" finished-at="2022-06-22T03:17:33 EDT" duration-ms="4247" status="PASS">
          <params>
            <param index="0">
              <value>
                <![CDATA[true]]>
              </value>
            </param>
            <param index="1">
              <value>
                <![CDATA[osx]]>
              </value>
            </param>
            <param index="2">
              <value>
                <![CDATA[chrome]]>
              </value>
            </param>
            <param index="3">
              <value>
                <![CDATA[https://www.saucedemo.com/]]>
              </value>
            </param>
            <param index="4">
              <value>
                <![CDATA[browserstack]]>
              </value>
            </param>
            <param index="5">
              <value>
                <![CDATA[Sierra]]>
              </value>
            </param>
            <param index="6">
              <value>
                <![CDATA[102]]>
              </value>
            </param>
          </params>
          <reporter-output>
          </reporter-output>
        </test-method> <!-- setUp -->
        <test-method signature="test2()[pri:0, instance:com.saucedemo.loginTest@49912c99]" started-at="2022-06-22T03:17:33 EDT" name="test2" finished-at="2022-06-22T03:17:34 EDT" duration-ms="1155" status="PASS">
          <reporter-output>
          </reporter-output>
        </test-method> <!-- test2 -->
        <test-method is-config="true" signature="tearDown()[pri:0, instance:com.saucedemo.loginTest@49912c99]" started-at="2022-06-22T03:17:34 EDT" name="tearDown" finished-at="2022-06-22T03:17:34 EDT" duration-ms="143" status="PASS">
          <reporter-output>
          </reporter-output>
        </test-method> <!-- tearDown -->
        <test-method is-config="true" signature="setUp(boolean,java.lang.String,java.lang.String,java.lang.String,java.lang.String,java.lang.String,java.lang.String)[pri:0, instance:com.saucedemo.loginTest@49912c99]" started-at="2022-06-22T03:17:34 EDT" name="setUp" finished-at="2022-06-22T03:18:47 EDT" duration-ms="72212" status="PASS">
          <params>
            <param index="0">
              <value>
                <![CDATA[true]]>
              </value>
            </param>
            <param index="1">
              <value>
                <![CDATA[osx]]>
              </value>
            </param>
            <param index="2">
              <value>
                <![CDATA[chrome]]>
              </value>
            </param>
            <param index="3">
              <value>
                <![CDATA[https://www.saucedemo.com/]]>
              </value>
            </param>
            <param index="4">
              <value>
                <![CDATA[browserstack]]>
              </value>
            </param>
            <param index="5">
              <value>
                <![CDATA[Sierra]]>
              </value>
            </param>
            <param index="6">
              <value>
                <![CDATA[102]]>
              </value>
            </param>
          </params>
          <reporter-output>
          </reporter-output>
        </test-method> <!-- setUp -->
        <test-method signature="test3()[pri:0, instance:com.saucedemo.loginTest@49912c99]" started-at="2022-06-22T03:18:47 EDT" name="test3" finished-at="2022-06-22T03:18:48 EDT" duration-ms="1143" status="PASS">
          <reporter-output>
          </reporter-output>
        </test-method> <!-- test3 -->
        <test-method is-config="true" signature="tearDown()[pri:0, instance:com.saucedemo.loginTest@49912c99]" started-at="2022-06-22T03:18:48 EDT" name="tearDown" finished-at="2022-06-22T03:18:48 EDT" duration-ms="248" status="PASS">
          <reporter-output>
          </reporter-output>
        </test-method> <!-- tearDown -->
      </class> <!-- com.saucedemo.loginTest -->
    </test> <!-- login -->
  </suite> <!-- sauce demo test -->
</testng-results>
