<?xml version="1.0" encoding="UTF-8"?>
<!-- Generated by org.testng.reporters.JUnitXMLReporter -->
<testsuite ignored="0" hostname="TRIQUARTISTA10" failures="0" tests="4" name="login" time="90.792" errors="0" timestamp="2022-06-22T03:18:48 EDT">
  <testcase classname="com.saucedemo.loginTest" name="addItems" time="1.911"/>
  <testcase classname="com.saucedemo.loginTest" name="test1" time="1.291"/>
  <testcase classname="com.saucedemo.loginTest" name="test2" time="1.155"/>
  <testcase classname="com.saucedemo.loginTest" name="test3" time="1.143"/>
</testsuite> <!-- login -->
